{
  "RSpec": {
    "coverage": {
      "/Users/piercealworth/Turing/3module/projects/final_project/sweater_weather/app/controllers/api/v1/forecast_controller.rb": {
        "lines": [
          1,
          1,
          null,
          1,
          1,
          1,
          1,
          0,
          null,
          null,
          null
        ]
      },
      "/Users/piercealworth/Turing/3module/projects/final_project/sweater_weather/app/controllers/application_controller.rb": {
        "lines": [
          1,
          null
        ]
      },
      "/Users/piercealworth/Turing/3module/projects/final_project/sweater_weather/app/services/google_service.rb": {
        "lines": [
          1,
          null,
          1,
          1,
          1,
          1,
          null,
          1,
          1,
          null,
          null,
          1,
          0,
          0,
          0,
          null,
          0,
          0,
          null,
          null,
          1,
          1,
          1,
          null,
          null,
          null,
          null,
          null,
          null,
          null,
          null,
          null,
          null,
          null,
          null,
          null,
          null,
          null,
          null,
          null
        ]
      },
      "/Users/piercealworth/Turing/3module/projects/final_project/sweater_weather/app/facades/forecast_facade.rb": {
        "lines": [
          1,
          1,
          1,
          1,
          1,
          1,
          null,
          null,
          1,
          1,
          null,
          null,
          1,
          1,
          1,
          1,
          null,
          null,
          null
        ]
      },
      "/Users/piercealworth/Turing/3module/projects/final_project/sweater_weather/app/poros/location.rb": {
        "lines": [
          1,
          1,
          1,
          1,
          1,
          1,
          1,
          null,
          null
        ]
      },
      "/Users/piercealworth/Turing/3module/projects/final_project/sweater_weather/app/services/open_weather_service.rb": {
        "lines": [
          1,
          1,
          1,
          1,
          null,
          null,
          1,
          1,
          1,
          1,
          1,
          1,
          null,
          1,
          null,
          null,
          1,
          1,
          1,
          null,
          null
        ]
      },
      "/Users/piercealworth/Turing/3module/projects/final_project/sweater_weather/app/poros/weather.rb": {
        "lines": [
          1,
          1,
          1,
          1,
          1,
          1,
          1,
          0,
          null,
          null,
          1,
          0,
          null,
          null,
          1,
          0,
          null,
          null,
          1,
          0,
          null,
          null,
          1,
          0,
          null,
          1,
          1,
          1,
          null,
          null,
          1,
          null,
          null,
          null,
          1,
          1,
          null,
          null,
          null,
          null,
          null,
          8,
          null,
          null,
          null,
          1,
          8,
          null,
          null,
          1,
          1,
          null,
          null,
          null
        ]
      },
      "/Users/piercealworth/Turing/3module/projects/final_project/sweater_weather/app/models/application_record.rb": {
        "lines": [
          0,
          0,
          0
        ],
        "branches": {
        }
      },
      "/Users/piercealworth/Turing/3module/projects/final_project/sweater_weather/app/models/user.rb": {
        "lines": [
          0,
          0,
          0,
          0,
          0,
          0,
          null,
          0,
          0,
          0
        ],
        "branches": {
        }
      },
      "/Users/piercealworth/Turing/3module/projects/final_project/sweater_weather/app/serializers/failed_serializer.rb": {
        "lines": [
          0,
          0,
          0,
          0
        ],
        "branches": {
        }
      },
      "/Users/piercealworth/Turing/3module/projects/final_project/sweater_weather/app/serializers/roadtrip_serializer.rb": {
        "lines": [
          0,
          0,
          0,
          0
        ],
        "branches": {
        }
      },
      "/Users/piercealworth/Turing/3module/projects/final_project/sweater_weather/app/serializers/user_serializer.rb": {
        "lines": [
          0,
          0,
          0,
          0
        ],
        "branches": {
        }
      },
      "/Users/piercealworth/Turing/3module/projects/final_project/sweater_weather/app/serializers/antipode_forecast_serializer.rb": {
        "lines": [
          0,
          0,
          0,
          0
        ],
        "branches": {
        }
      },
      "/Users/piercealworth/Turing/3module/projects/final_project/sweater_weather/app/serializers/background_serializer.rb": {
        "lines": [
          0,
          0,
          0,
          0
        ],
        "branches": {
        }
      },
      "/Users/piercealworth/Turing/3module/projects/final_project/sweater_weather/app/serializers/forecast_serializer.rb": {
        "lines": [
          0,
          0,
          0,
          0,
          0
        ],
        "branches": {
        }
      },
      "/Users/piercealworth/Turing/3module/projects/final_project/sweater_weather/app/facades/antipode_facade.rb": {
        "lines": [
          0,
          0,
          0,
          0,
          null,
          0,
          0,
          null,
          0,
          0,
          0,
          null,
          0,
          0,
          0,
          0,
          0,
          null,
          0,
          0,
          0,
          0,
          0,
          null,
          0,
          0,
          0,
          0
        ],
        "branches": {
        }
      },
      "/Users/piercealworth/Turing/3module/projects/final_project/sweater_weather/app/facades/road_trips_facade.rb": {
        "lines": [
          0,
          0,
          0,
          0,
          0,
          0,
          0,
          null,
          0,
          0,
          0,
          0
        ],
        "branches": {
        }
      },
      "/Users/piercealworth/Turing/3module/projects/final_project/sweater_weather/app/poros/antipode_weather.rb": {
        "lines": [
          0,
          0,
          0,
          0,
          0,
          0,
          0,
          0,
          0,
          null,
          0,
          0,
          0,
          0,
          null,
          0
        ],
        "branches": {
        }
      },
      "/Users/piercealworth/Turing/3module/projects/final_project/sweater_weather/app/poros/failed_user.rb": {
        "lines": [
          0,
          0,
          0,
          0,
          0,
          0,
          0
        ],
        "branches": {
        }
      },
      "/Users/piercealworth/Turing/3module/projects/final_project/sweater_weather/app/poros/weather_forecast.rb": {
        "lines": [
          0,
          0,
          0,
          0,
          0,
          0,
          0
        ],
        "branches": {
        }
      },
      "/Users/piercealworth/Turing/3module/projects/final_project/sweater_weather/app/poros/background.rb": {
        "lines": [
          0,
          0,
          0,
          0,
          0,
          0,
          0,
          0
        ],
        "branches": {
        }
      },
      "/Users/piercealworth/Turing/3module/projects/final_project/sweater_weather/app/poros/road_trip.rb": {
        "lines": [
          0,
          0,
          null,
          0,
          0,
          0,
          0,
          0,
          0,
          0,
          null,
          0,
          0,
          0,
          null,
          0,
          0,
          0,
          0,
          null,
          0,
          0,
          0,
          0,
          null,
          0,
          0,
          0,
          0,
          null,
          0,
          0,
          0,
          0,
          0,
          0
        ],
        "branches": {
        }
      },
      "/Users/piercealworth/Turing/3module/projects/final_project/sweater_weather/app/poros/antipode_location.rb": {
        "lines": [
          0,
          0,
          0,
          0,
          0,
          0,
          0
        ],
        "branches": {
        }
      },
      "/Users/piercealworth/Turing/3module/projects/final_project/sweater_weather/app/controllers/api/v1/backgrounds_controller.rb": {
        "lines": [
          0,
          0,
          0,
          0,
          0,
          0,
          0
        ],
        "branches": {
        }
      },
      "/Users/piercealworth/Turing/3module/projects/final_project/sweater_weather/app/controllers/api/v1/road_trips_controller.rb": {
        "lines": [
          0,
          0,
          0,
          0,
          0,
          0,
          0,
          0,
          0,
          null,
          0,
          null,
          0,
          0,
          0,
          0,
          0,
          null,
          0,
          0,
          0,
          0
        ],
        "branches": {
        }
      },
      "/Users/piercealworth/Turing/3module/projects/final_project/sweater_weather/app/controllers/api/v1/users_controller.rb": {
        "lines": [
          0,
          0,
          0,
          0,
          0,
          0,
          0,
          0,
          0,
          0,
          null,
          0,
          0,
          0,
          0
        ],
        "branches": {
        }
      },
      "/Users/piercealworth/Turing/3module/projects/final_project/sweater_weather/app/controllers/api/v1/antipodes_controller.rb": {
        "lines": [
          0,
          0,
          0,
          0,
          0,
          0
        ],
        "branches": {
        }
      },
      "/Users/piercealworth/Turing/3module/projects/final_project/sweater_weather/app/controllers/api/v1/sessions_controller.rb": {
        "lines": [
          0,
          null,
          0,
          0,
          0,
          0,
          0,
          0,
          0,
          0,
          null,
          0,
          null,
          0,
          0,
          0,
          null,
          0,
          0,
          0,
          0
        ],
        "branches": {
        }
      },
      "/Users/piercealworth/Turing/3module/projects/final_project/sweater_weather/app/services/unsplash_service.rb": {
        "lines": [
          0,
          null,
          0,
          0,
          0,
          0,
          0,
          0,
          0,
          0,
          0,
          null,
          0,
          0,
          0,
          0,
          0
        ],
        "branches": {
        }
      },
      "/Users/piercealworth/Turing/3module/projects/final_project/sweater_weather/app/services/antipode_service.rb": {
        "lines": [
          0,
          null,
          0,
          0,
          0,
          0,
          0,
          0,
          0,
          0,
          null,
          0,
          0,
          0,
          0,
          0,
          0,
          0
        ],
        "branches": {
        }
      },
      "/Users/piercealworth/Turing/3module/projects/final_project/sweater_weather/app/services/google_geo_api_service.rb": {
        "lines": [
          0,
          0,
          0,
          0,
          null,
          0,
          0,
          0,
          null,
          0,
          0,
          0,
          null,
          0,
          null,
          null,
          0,
          0,
          0,
          null,
          0,
          0,
          0,
          0,
          0,
          0,
          0,
          null,
          0,
          0,
          0,
          0,
          0,
          0,
          0,
          0,
          0
        ],
        "branches": {
        }
      }
    },
    "timestamp": 1588131533
  }
}
